<?xml version="1.0" encoding="UTF-8"?>
<!-- Generated by org.testng.reporters.JUnitReportReporter -->
<testsuite hostname="RaghuLaptop" name="com.andriod.Examples.ReadQRCodeTest" tests="1" failures="0" timestamp="24 Dec 2020 05:43:20 GMT" time="82.252" errors="0">
  <testcase name="readQRCodeDemo" time="82.252" classname="com.andriod.Examples.ReadQRCodeTest"/>
</testsuite> <!-- com.andriod.Examples.ReadQRCodeTest -->
